[29/Feb/2016 08:56:42] "GET /polls/ HTTP/1.1" 200 40
Not Found: /polls
[29/Feb/2016 08:57:12] "GET /polls HTTP/1.1" 301 0
[29/Feb/2016 08:57:13] "GET /polls/ HTTP/1.1" 200 40
Not Found: /polls
[29/Feb/2016 08:57:14] "GET /polls HTTP/1.1" 301 0
Not Found: /polls
[29/Feb/2016 08:57:15] "GET /polls HTTP/1.1" 301 0
[29/Feb/2016 08:57:15] "GET /polls/ HTTP/1.1" 200 40
[29/Feb/2016 08:57:36] "GET /polls/ HTTP/1.1" 200 40
Not Found: /favicon.ico
[29/Feb/2016 08:57:36] "GET /favicon.ico HTTP/1.1" 404 2056
Not Found: /favicon.ico
[29/Feb/2016 08:57:36] "GET /favicon.ico HTTP/1.1" 404 2056
[29/Feb/2016 08:57:42] "GET /polls/ HTTP/1.1" 200 40
Not Found: /favicon.ico
[29/Feb/2016 08:57:42] "GET /favicon.ico HTTP/1.1" 404 2056
[29/Feb/2016 08:59:14] "GET /polls/ HTTP/1.1" 200 40
Not Found: /favicon.ico
[29/Feb/2016 08:59:14] "GET /favicon.ico HTTP/1.1" 404 2056
[29/Feb/2016 08:59:34] "GET /polls/ HTTP/1.1" 200 40
Not Found: /favicon.ico
[29/Feb/2016 08:59:34] "GET /favicon.ico HTTP/1.1" 404 2056
Not Found: /polls
[29/Feb/2016 08:59:37] "GET /polls HTTP/1.1" 301 0
[29/Feb/2016 08:59:38] "GET /polls/ HTTP/1.1" 200 40
[29/Feb/2016 08:59:38] "GET /polls/ HTTP/1.1" 200 40
Not Found: /favicon.ico
[29/Feb/2016 08:59:39] "GET /favicon.ico HTTP/1.1" 404 2056
Not Found: /favicon.ico
[29/Feb/2016 08:59:39] "GET /favicon.ico HTTP/1.1" 404 2056
Not Found: /
[29/Feb/2016 09:08:57] "GET / HTTP/1.1" 404 2023
Not Found: /admin
[29/Feb/2016 09:19:36] "GET /admin HTTP/1.1" 301 0
[29/Feb/2016 09:19:36] "GET /admin/ HTTP/1.1" 302 0
[29/Feb/2016 09:19:36] "GET /admin/login/?next=/admin/ HTTP/1.1" 200 1679
[29/Feb/2016 09:19:37] "GET /static/admin/css/base.css HTTP/1.1" 200 15897
[29/Feb/2016 09:19:37] "GET /static/admin/css/login.css HTTP/1.1" 200 1203
[29/Feb/2016 09:19:37] "GET /static/admin/css/fonts.css HTTP/1.1" 200 423
[29/Feb/2016 09:19:37] "GET /static/admin/fonts/Roboto-Regular-webfont.woff HTTP/1.1" 200 80304
[29/Feb/2016 09:19:37] "GET /static/admin/fonts/Roboto-Light-webfont.woff HTTP/1.1" 200 81348
[29/Feb/2016 09:19:46] "POST /admin/login/?next=/admin/ HTTP/1.1" 200 1840
[29/Feb/2016 09:19:47] "GET /static/admin/fonts/Roboto-Bold-webfont.woff HTTP/1.1" 200 82564
[29/Feb/2016 09:25:07] "POST /admin/login/?next=/admin/ HTTP/1.1" 200 1839
[29/Feb/2016 09:25:07] "GET /static/admin/css/base.css HTTP/1.1" 304 0
[29/Feb/2016 09:25:07] "GET /static/admin/css/login.css HTTP/1.1" 304 0
[29/Feb/2016 09:25:08] "GET /static/admin/css/fonts.css HTTP/1.1" 304 0
Internal Server Error: /admin/login/
Traceback (most recent call last):
  File "/usr/local/lib/python3.4/dist-packages/django/db/backends/utils.py", line 64, in execute
    return self.cursor.execute(sql, params)
  File "/usr/local/lib/python3.4/dist-packages/django/db/backends/sqlite3/base.py", line 323, in execute
    return Database.Cursor.execute(self, query, params)
sqlite3.OperationalError: attempt to write a readonly database

The above exception was the direct cause of the following exception:

Traceback (most recent call last):
  File "/usr/local/lib/python3.4/dist-packages/django/core/handlers/base.py", line 149, in get_response
    response = self.process_exception_by_middleware(e, request)
  File "/usr/local/lib/python3.4/dist-packages/django/core/handlers/base.py", line 147, in get_response
    response = wrapped_callback(request, *callback_args, **callback_kwargs)
  File "/usr/local/lib/python3.4/dist-packages/django/views/decorators/cache.py", line 57, in _wrapped_view_func
    response = view_func(request, *args, **kwargs)
  File "/usr/local/lib/python3.4/dist-packages/django/contrib/admin/sites.py", line 413, in login
    return login(request, **defaults)
  File "/usr/local/lib/python3.4/dist-packages/django/contrib/auth/views.py", line 49, in inner
    return func(*args, **kwargs)
  File "/usr/local/lib/python3.4/dist-packages/django/views/decorators/debug.py", line 76, in sensitive_post_parameters_wrapper
    return view(request, *args, **kwargs)
  File "/usr/local/lib/python3.4/dist-packages/django/utils/decorators.py", line 149, in _wrapped_view
    response = view_func(request, *args, **kwargs)
  File "/usr/local/lib/python3.4/dist-packages/django/views/decorators/cache.py", line 57, in _wrapped_view_func
    response = view_func(request, *args, **kwargs)
  File "/usr/local/lib/python3.4/dist-packages/django/contrib/auth/views.py", line 76, in login
    auth_login(request, form.get_user())
  File "/usr/local/lib/python3.4/dist-packages/django/contrib/auth/__init__.py", line 110, in login
    request.session.cycle_key()
  File "/usr/local/lib/python3.4/dist-packages/django/contrib/sessions/backends/base.py", line 302, in cycle_key
    self.create()
  File "/usr/local/lib/python3.4/dist-packages/django/contrib/sessions/backends/db.py", line 53, in create
    self.save(must_create=True)
  File "/usr/local/lib/python3.4/dist-packages/django/contrib/sessions/backends/db.py", line 86, in save
    obj.save(force_insert=must_create, using=using)
  File "/usr/local/lib/python3.4/dist-packages/django/db/models/base.py", line 700, in save
    force_update=force_update, update_fields=update_fields)
  File "/usr/local/lib/python3.4/dist-packages/django/db/models/base.py", line 728, in save_base
    updated = self._save_table(raw, cls, force_insert, force_update, using, update_fields)
  File "/usr/local/lib/python3.4/dist-packages/django/db/models/base.py", line 812, in _save_table
    result = self._do_insert(cls._base_manager, using, fields, update_pk, raw)
  File "/usr/local/lib/python3.4/dist-packages/django/db/models/base.py", line 851, in _do_insert
    using=using, raw=raw)
  File "/usr/local/lib/python3.4/dist-packages/django/db/models/manager.py", line 122, in manager_method
    return getattr(self.get_queryset(), name)(*args, **kwargs)
  File "/usr/local/lib/python3.4/dist-packages/django/db/models/query.py", line 1039, in _insert
    return query.get_compiler(using=using).execute_sql(return_id)
  File "/usr/local/lib/python3.4/dist-packages/django/db/models/sql/compiler.py", line 1060, in execute_sql
    cursor.execute(sql, params)
  File "/usr/local/lib/python3.4/dist-packages/django/db/backends/utils.py", line 79, in execute
    return super(CursorDebugWrapper, self).execute(sql, params)
  File "/usr/local/lib/python3.4/dist-packages/django/db/backends/utils.py", line 64, in execute
    return self.cursor.execute(sql, params)
  File "/usr/local/lib/python3.4/dist-packages/django/db/utils.py", line 95, in __exit__
    six.reraise(dj_exc_type, dj_exc_value, traceback)
  File "/usr/local/lib/python3.4/dist-packages/django/utils/six.py", line 685, in reraise
    raise value.with_traceback(tb)
  File "/usr/local/lib/python3.4/dist-packages/django/db/backends/utils.py", line 64, in execute
    return self.cursor.execute(sql, params)
  File "/usr/local/lib/python3.4/dist-packages/django/db/backends/sqlite3/base.py", line 323, in execute
    return Database.Cursor.execute(self, query, params)
django.db.utils.OperationalError: attempt to write a readonly database
[29/Feb/2016 09:25:11] "POST /admin/login/?next=/admin/ HTTP/1.1" 500 180864
[29/Feb/2016 09:26:15] "POST /admin/login/?next=/admin/ HTTP/1.1" 200 1839
[29/Feb/2016 09:26:15] "GET /static/admin/css/base.css HTTP/1.1" 304 0
[29/Feb/2016 09:26:15] "GET /static/admin/css/login.css HTTP/1.1" 304 0
[29/Feb/2016 09:26:15] "GET /static/admin/css/fonts.css HTTP/1.1" 304 0
[29/Feb/2016 09:26:16] "GET /static/admin/fonts/Roboto-Regular-webfont.woff HTTP/1.1" 304 0
[29/Feb/2016 09:26:16] "GET /static/admin/fonts/Roboto-Light-webfont.woff HTTP/1.1" 304 0
[29/Feb/2016 09:26:16] "GET /static/admin/fonts/Roboto-Bold-webfont.woff HTTP/1.1" 304 0
[29/Feb/2016 09:26:21] "POST /admin/login/?next=/admin/ HTTP/1.1" 302 0
[29/Feb/2016 09:26:21] "GET /admin/ HTTP/1.1" 200 3423
[29/Feb/2016 09:26:21] "GET /static/admin/css/dashboard.css HTTP/1.1" 200 434
[29/Feb/2016 09:26:21] "GET /static/admin/img/icon-addlink.svg HTTP/1.1" 200 331
[29/Feb/2016 09:26:21] "GET /static/admin/img/icon-changelink.svg HTTP/1.1" 200 380
[29/Feb/2016 09:26:30] "GET /admin/polls/question/add/ HTTP/1.1" 200 5292
[29/Feb/2016 09:26:31] "GET /static/admin/css/forms.css HTTP/1.1" 200 7750
[29/Feb/2016 09:26:31] "GET /static/admin/js/core.js HTTP/1.1" 200 8366
[29/Feb/2016 09:26:31] "GET /static/admin/js/jquery.init.js HTTP/1.1" 200 363
[29/Feb/2016 09:26:31] "GET /static/admin/js/actions.js HTTP/1.1" 200 6259
[29/Feb/2016 09:26:31] "GET /static/admin/js/admin/RelatedObjectLookups.js HTTP/1.1" 200 6871
[29/Feb/2016 09:26:31] "GET /admin/jsi18n/ HTTP/1.1" 200 3189
[29/Feb/2016 09:26:31] "GET /static/admin/js/urlify.js HTTP/1.1" 200 7693
[29/Feb/2016 09:26:31] "GET /static/admin/js/calendar.js HTTP/1.1" 200 6875
[29/Feb/2016 09:26:31] "GET /static/admin/js/prepopulate.js HTTP/1.1" 200 1538
[29/Feb/2016 09:26:31] "GET /static/admin/js/admin/DateTimeShortcuts.js HTTP/1.1" 200 18563
[29/Feb/2016 09:26:31] "GET /static/admin/js/vendor/xregexp/xregexp.min.js HTTP/1.1" 200 62474
[29/Feb/2016 09:26:31] "GET /static/admin/js/vendor/jquery/jquery.js HTTP/1.1" 200 247597
[29/Feb/2016 09:26:31] "GET /static/admin/css/widgets.css HTTP/1.1" 200 10340
[29/Feb/2016 09:26:32] "GET /static/admin/img/icon-calendar.svg HTTP/1.1" 200 1086
[29/Feb/2016 09:26:32] "GET /static/admin/img/icon-clock.svg HTTP/1.1" 200 677
[29/Feb/2016 09:26:39] "POST /admin/polls/question/add/ HTTP/1.1" 302 0
[29/Feb/2016 09:26:39] "GET /admin/polls/question/ HTTP/1.1" 200 4731
[29/Feb/2016 09:26:39] "GET /static/admin/css/changelists.css HTTP/1.1" 200 6100
[29/Feb/2016 09:26:39] "GET /admin/jsi18n/ HTTP/1.1" 200 3189
[29/Feb/2016 09:26:40] "GET /static/admin/img/icon-yes.svg HTTP/1.1" 200 436
[29/Feb/2016 09:26:40] "GET /static/admin/img/tooltag-add.svg HTTP/1.1" 200 331
Not Found: /
[01/Mar/2016 04:51:57] code 400, message Bad HTTP/0.9 request type ('\x00\x00\x00TZ\x00\x00\x00\x00\x00\x00\x00\x00\x01\x00\x00\x04\x010I\x00\x00\x00\x00$\x01¨À8`wÙ\x04')
[01/Mar/2016 04:51:57] "   TZ          0I    $¨À8`wÙ                                                 " 400 -
[01/Mar/2016 04:52:02] code 400, message Bad HTTP/0.9 request type ('\x00\x00\x00TZ\x00\x00\x00\x00\x00\x00\x00\x00\x01\x00\x00\x04\x010I\x00\x00\x00\x00$\x01¨À8`wÙ\x04')
[01/Mar/2016 04:52:02] "   TZ          0I    $¨À8`wÙ                                                 " 400 -
[01/Mar/2016 04:52:07] code 400, message Bad HTTP/0.9 request type ('\x00\x00\x00TZ\x00\x00\x00\x00\x00\x00\x00\x00\x01\x00\x00\x04\x010I\x00\x00\x00\x00$\x01¨À8`wÙ\x04')
[01/Mar/2016 04:52:07] "   TZ          0I    $¨À8`wÙ                                                 " 400 -
[01/Mar/2016 04:52:12] code 400, message Bad HTTP/0.9 request type ('\x00\x00\x00TZ\x00\x00\x00\x00\x00\x00\x00\x00\x01\x00\x00\x04\x010I\x00\x00\x00\x00$\x01¨À8`wÙ\x04')
[01/Mar/2016 04:52:12] "   TZ          0I    $¨À8`wÙ                                                 " 400 -
[01/Mar/2016 04:52:17] code 400, message Bad HTTP/0.9 request type ('\x00\x00\x00TZ\x00\x00\x00\x00\x00\x00\x00\x00\x01\x00\x00\x04\x010I\x00\x00\x00\x00$\x01¨À8`wÙ\x04')
[01/Mar/2016 04:52:17] "   TZ          0I    $¨À8`wÙ                                                 " 400 -
[01/Mar/2016 04:52:22] code 400, message Bad HTTP/0.9 request type ('\x00\x00\x00TZ\x00\x00\x00\x00\x00\x00\x00\x00\x01\x00\x00\x04\x010I\x00\x00\x00\x00$\x01¨À8`wÙ\x04')
[01/Mar/2016 04:52:22] "   TZ          0I    $¨À8`wÙ                                                 " 400 -
[01/Mar/2016 04:52:27] code 400, message Bad HTTP/0.9 request type ('\x00\x00\x00TZ\x00\x00\x00\x00\x00\x00\x00\x00\x01\x00\x00\x04\x010I\x00\x00\x00\x00$\x01¨À8`wÙ\x04')
[01/Mar/2016 04:52:27] "   TZ          0I    $¨À8`wÙ                                                 " 400 -
[01/Mar/2016 04:52:32] code 400, message Bad HTTP/0.9 request type ('\x00\x00\x00TZ\x00\x00\x00\x00\x00\x00\x00\x00\x01\x00\x00\x04\x010I\x00\x00\x00\x00$\x01¨À8`wÙ\x04')
[01/Mar/2016 04:52:32] "   TZ          0I    $¨À8`wÙ                                                 " 400 -
[01/Mar/2016 04:52:37] code 400, message Bad HTTP/0.9 request type ('\x00\x00\x00TZ\x00\x00\x00\x00\x00\x00\x00\x00\x01\x00\x00\x04\x010I\x00\x00\x00\x00$\x01¨À8`wÙ\x04')
[01/Mar/2016 04:52:37] "   TZ          0I    $¨À8`wÙ                                                 " 400 -
[01/Mar/2016 04:52:42] code 400, message Bad HTTP/0.9 request type ('\x00\x00\x00TZ\x00\x00\x00\x00\x00\x00\x00\x00\x01\x00\x00\x04\x010I\x00\x00\x00\x00$\x01¨À8`wÙ\x04')
[01/Mar/2016 04:52:42] "   TZ          0I    $¨À8`wÙ                                                 " 400 -
[01/Mar/2016 04:52:47] code 400, message Bad HTTP/0.9 request type ('\x00\x00\x00TZ\x00\x00\x00\x00\x00\x00\x00\x00\x01\x00\x00\x04\x010I\x00\x00\x00\x00$\x01¨À8`wÙ\x04')
[01/Mar/2016 04:52:47] "   TZ          0I    $¨À8`wÙ                                                 " 400 -
[01/Mar/2016 04:52:52] code 400, message Bad HTTP/0.9 request type ('\x00\x00\x00TZ\x00\x00\x00\x00\x00\x00\x00\x00\x01\x00\x00\x04\x010I\x00\x00\x00\x00$\x01¨À8`wÙ\x04')
[01/Mar/2016 04:52:52] "   TZ          0I    $¨À8`wÙ                                                 " 400 -
[01/Mar/2016 04:52:57] code 400, message Bad HTTP/0.9 request type ('\x00\x00\x00TZ\x00\x00\x00\x00\x00\x00\x00\x00\x01\x00\x00\x04\x010I\x00\x00\x00\x00$\x01¨À8`wÙ\x04')
[01/Mar/2016 04:52:57] "   TZ          0I    $¨À8`wÙ                                                 " 400 -
[01/Mar/2016 04:53:02] code 400, message Bad HTTP/0.9 request type ('\x00\x00\x00TZ\x00\x00\x00\x00\x00\x00\x00\x00\x01\x00\x00\x04\x010I\x00\x00\x00\x00$\x01¨À8`wÙ\x04')
[01/Mar/2016 04:53:02] "   TZ          0I    $¨À8`wÙ                                                 " 400 -
[01/Mar/2016 04:53:07] code 400, message Bad HTTP/0.9 request type ('\x00\x00\x00TZ\x00\x00\x00\x00\x00\x00\x00\x00\x01\x00\x00\x04\x010I\x00\x00\x00\x00$\x01¨À8`wÙ\x04')
[01/Mar/2016 04:53:07] "   TZ          0I    $¨À8`wÙ                                                 " 400 -
[01/Mar/2016 04:53:12] code 400, message Bad HTTP/0.9 request type ('\x00\x00\x00TZ\x00\x00\x00\x00\x00\x00\x00\x00\x01\x00\x00\x04\x010I\x00\x00\x00\x00$\x01¨À8`wÙ\x04')
[01/Mar/2016 04:53:12] "   TZ          0I    $¨À8`wÙ                                                 " 400 -
[01/Mar/2016 04:53:18] code 400, message Bad HTTP/0.9 request type ('\x00\x00\x00TZ\x00\x00\x00\x00\x00\x00\x00\x00\x01\x00\x00\x04\x010I\x00\x00\x00\x00$\x01¨À8`wÙ\x04')
[01/Mar/2016 04:53:18] "   TZ          0I    $¨À8`wÙ                                                 " 400 -
[01/Mar/2016 04:53:23] code 400, message Bad HTTP/0.9 request type ('\x00\x00\x00TZ\x00\x00\x00\x00\x00\x00\x00\x00\x01\x00\x00\x04\x010I\x00\x00\x00\x00$\x01¨À8`wÙ\x04')
[01/Mar/2016 04:53:23] "   TZ          0I    $¨À8`wÙ                                                 " 400 -
[01/Mar/2016 04:53:28] code 400, message Bad HTTP/0.9 request type ('\x00\x00\x00TZ\x00\x00\x00\x00\x00\x00\x00\x00\x01\x00\x00\x04\x010I\x00\x00\x00\x00$\x01¨À8`wÙ\x04')
[01/Mar/2016 04:53:28] "   TZ          0I    $¨À8`wÙ                                                 " 400 -
[01/Mar/2016 04:53:33] code 400, message Bad HTTP/0.9 request type ('\x00\x00\x00TZ\x00\x00\x00\x00\x00\x00\x00\x00\x01\x00\x00\x04\x010I\x00\x00\x00\x00$\x01¨À8`wÙ\x04')
[01/Mar/2016 04:53:33] "   TZ          0I    $¨À8`wÙ                                                 " 400 -
[01/Mar/2016 04:53:38] code 400, message Bad HTTP/0.9 request type ('\x00\x00\x00TZ\x00\x00\x00\x00\x00\x00\x00\x00\x01\x00\x00\x04\x010I\x00\x00\x00\x00$\x01¨À8`wÙ\x04')
[01/Mar/2016 04:53:38] "   TZ          0I    $¨À8`wÙ                                                 " 400 -
[01/Mar/2016 04:53:43] code 400, message Bad HTTP/0.9 request type ('\x00\x00\x00TZ\x00\x00\x00\x00\x00\x00\x00\x00\x01\x00\x00\x04\x010I\x00\x00\x00\x00$\x01¨À8`wÙ\x04')
[01/Mar/2016 04:53:43] "   TZ          0I    $¨À8`wÙ                                                 " 400 -
[01/Mar/2016 04:53:48] code 400, message Bad HTTP/0.9 request type ('\x00\x00\x00TZ\x00\x00\x00\x00\x00\x00\x00\x00\x01\x00\x00\x04\x010I\x00\x00\x00\x00$\x01¨À8`wÙ\x04')
[01/Mar/2016 04:53:48] "   TZ          0I    $¨À8`wÙ                                                 " 400 -
[01/Mar/2016 04:53:53] code 400, message Bad HTTP/0.9 request type ('\x00\x00\x00TZ\x00\x00\x00\x00\x00\x00\x00\x00\x01\x00\x00\x04\x010I\x00\x00\x00\x00$\x01¨À8`wÙ\x04')
[01/Mar/2016 04:53:53] "   TZ          0I    $¨À8`wÙ                                                 " 400 -
[01/Mar/2016 04:53:58] code 400, message Bad HTTP/0.9 request type ('\x00\x00\x00TZ\x00\x00\x00\x00\x00\x00\x00\x00\x01\x00\x00\x04\x010I\x00\x00\x00\x00$\x01¨À8`wÙ\x04')
[01/Mar/2016 04:53:58] "   TZ          0I    $¨À8`wÙ                                                 " 400 -
[01/Mar/2016 04:54:03] code 400, message Bad HTTP/0.9 request type ('\x00\x00\x00TZ\x00\x00\x00\x00\x00\x00\x00\x00\x01\x00\x00\x04\x010I\x00\x00\x00\x00$\x01¨À8`wÙ\x04')
[01/Mar/2016 04:54:03] "   TZ          0I    $¨À8`wÙ                                                 " 400 -
[01/Mar/2016 04:54:08] code 400, message Bad HTTP/0.9 request type ('\x00\x00\x00TZ\x00\x00\x00\x00\x00\x00\x00\x00\x01\x00\x00\x04\x010I\x00\x00\x00\x00$\x01¨À8`wÙ\x04')
[01/Mar/2016 04:54:08] "   TZ          0I    $¨À8`wÙ                                                 " 400 -
[01/Mar/2016 04:54:13] code 400, message Bad HTTP/0.9 request type ('\x00\x00\x00TZ\x00\x00\x00\x00\x00\x00\x00\x00\x01\x00\x00\x04\x010I\x00\x00\x00\x00$\x01¨À8`wÙ\x04')
[01/Mar/2016 04:54:13] "   TZ          0I    $¨À8`wÙ                                                 " 400 -
[01/Mar/2016 04:54:18] code 400, message Bad HTTP/0.9 request type ('\x00\x00\x00TZ\x00\x00\x00\x00\x00\x00\x00\x00\x01\x00\x00\x04\x010I\x00\x00\x00\x00$\x01¨À8`wÙ\x04')
[01/Mar/2016 04:54:18] "   TZ          0I    $¨À8`wÙ                                                 " 400 -
[01/Mar/2016 04:54:23] code 400, message Bad HTTP/0.9 request type ('\x00\x00\x00TZ\x00\x00\x00\x00\x00\x00\x00\x00\x01\x00\x00\x04\x010I\x00\x00\x00\x00$\x01¨À8`wÙ\x04')
[01/Mar/2016 04:54:23] "   TZ          0I    $¨À8`wÙ                                                 " 400 -
[01/Mar/2016 04:54:28] code 400, message Bad HTTP/0.9 request type ('\x00\x00\x00TZ\x00\x00\x00\x00\x00\x00\x00\x00\x01\x00\x00\x04\x010I\x00\x00\x00\x00$\x01¨À8`wÙ\x04')
[01/Mar/2016 04:54:28] "   TZ          0I    $¨À8`wÙ                                                 " 400 -
[01/Mar/2016 04:54:33] code 400, message Bad HTTP/0.9 request type ('\x00\x00\x00TZ\x00\x00\x00\x00\x00\x00\x00\x00\x01\x00\x00\x04\x010I\x00\x00\x00\x00$\x01¨À8`wÙ\x04')
[01/Mar/2016 04:54:33] "   TZ          0I    $¨À8`wÙ                                                 " 400 -
[01/Mar/2016 04:54:38] code 400, message Bad HTTP/0.9 request type ('\x00\x00\x00TZ\x00\x00\x00\x00\x00\x00\x00\x00\x01\x00\x00\x04\x010I\x00\x00\x00\x00$\x01¨À8`wÙ\x04')
[01/Mar/2016 04:54:38] "   TZ          0I    $¨À8`wÙ                                                 " 400 -
[01/Mar/2016 04:54:44] code 400, message Bad HTTP/0.9 request type ('\x00\x00\x00TZ\x00\x00\x00\x00\x00\x00\x00\x00\x01\x00\x00\x04\x010I\x00\x00\x00\x00$\x01¨À8`wÙ\x04')
[01/Mar/2016 04:54:44] "   TZ          0I    $¨À8`wÙ                                                 " 400 -
[01/Mar/2016 04:54:49] code 400, message Bad HTTP/0.9 request type ('\x00\x00\x00TZ\x00\x00\x00\x00\x00\x00\x00\x00\x01\x00\x00\x04\x010I\x00\x00\x00\x00$\x01¨À8`wÙ\x04')
[01/Mar/2016 04:54:49] "   TZ          0I    $¨À8`wÙ                                                 " 400 -
[01/Mar/2016 04:54:54] code 400, message Bad HTTP/0.9 request type ('\x00\x00\x00TZ\x00\x00\x00\x00\x00\x00\x00\x00\x01\x00\x00\x04\x010I\x00\x00\x00\x00$\x01¨À8`wÙ\x04')
[01/Mar/2016 04:54:54] "   TZ          0I    $¨À8`wÙ                                                 " 400 -
[01/Mar/2016 04:54:59] code 400, message Bad HTTP/0.9 request type ('\x00\x00\x00TZ\x00\x00\x00\x00\x00\x00\x00\x00\x01\x00\x00\x04\x010I\x00\x00\x00\x00$\x01¨À8`wÙ\x04')
[01/Mar/2016 04:54:59] "   TZ          0I    $¨À8`wÙ                                                 " 400 -
[01/Mar/2016 04:55:04] code 400, message Bad HTTP/0.9 request type ('\x00\x00\x00TZ\x00\x00\x00\x00\x00\x00\x00\x00\x01\x00\x00\x04\x010I\x00\x00\x00\x00$\x01¨À8`wÙ\x04')
[01/Mar/2016 04:55:04] "   TZ          0I    $¨À8`wÙ                                                 " 400 -
[01/Mar/2016 04:55:09] code 400, message Bad HTTP/0.9 request type ('\x00\x00\x00TZ\x00\x00\x00\x00\x00\x00\x00\x00\x01\x00\x00\x04\x010I\x00\x00\x00\x00$\x01¨À8`wÙ\x04')
[01/Mar/2016 04:55:09] "   TZ          0I    $¨À8`wÙ                                                 " 400 -
[01/Mar/2016 04:55:14] code 400, message Bad HTTP/0.9 request type ('\x00\x00\x00TZ\x00\x00\x00\x00\x00\x00\x00\x00\x01\x00\x00\x04\x010I\x00\x00\x00\x00$\x01¨À8`wÙ\x04')
[01/Mar/2016 04:55:14] "   TZ          0I    $¨À8`wÙ                                                 " 400 -
[01/Mar/2016 04:55:19] code 400, message Bad HTTP/0.9 request type ('\x00\x00\x00TZ\x00\x00\x00\x00\x00\x00\x00\x00\x01\x00\x00\x04\x010I\x00\x00\x00\x00$\x01¨À8`wÙ\x04')
[01/Mar/2016 04:55:19] "   TZ          0I    $¨À8`wÙ                                                 " 400 -
[01/Mar/2016 04:55:24] code 400, message Bad HTTP/0.9 request type ('\x00\x00\x00TZ\x00\x00\x00\x00\x00\x00\x00\x00\x01\x00\x00\x04\x010I\x00\x00\x00\x00$\x01¨À8`wÙ\x04')
[01/Mar/2016 04:55:24] "   TZ          0I    $¨À8`wÙ                                                 " 400 -
[01/Mar/2016 04:55:29] code 400, message Bad HTTP/0.9 request type ('\x00\x00\x00TZ\x00\x00\x00\x00\x00\x00\x00\x00\x01\x00\x00\x04\x010I\x00\x00\x00\x00$\x01¨À8`wÙ\x04')
[01/Mar/2016 04:55:29] "   TZ          0I    $¨À8`wÙ                                                 " 400 -
[01/Mar/2016 04:55:34] code 400, message Bad HTTP/0.9 request type ('\x00\x00\x00TZ\x00\x00\x00\x00\x00\x00\x00\x00\x01\x00\x00\x04\x010I\x00\x00\x00\x00$\x01¨À8`wÙ\x04')
[01/Mar/2016 04:55:34] "   TZ          0I    $¨À8`wÙ                                                 " 400 -
[01/Mar/2016 04:55:39] code 400, message Bad HTTP/0.9 request type ('\x00\x00\x00TZ\x00\x00\x00\x00\x00\x00\x00\x00\x01\x00\x00\x04\x010I\x00\x00\x00\x00$\x01¨À8`wÙ\x04')
[01/Mar/2016 04:55:39] "   TZ          0I    $¨À8`wÙ                                                 " 400 -
[01/Mar/2016 04:55:44] code 400, message Bad HTTP/0.9 request type ('\x00\x00\x00TZ\x00\x00\x00\x00\x00\x00\x00\x00\x01\x00\x00\x04\x010I\x00\x00\x00\x00$\x01¨À8`wÙ\x04')
[01/Mar/2016 04:55:44] "   TZ          0I    $¨À8`wÙ                                                 " 400 -
[01/Mar/2016 04:55:49] code 400, message Bad HTTP/0.9 request type ('\x00\x00\x00TZ\x00\x00\x00\x00\x00\x00\x00\x00\x01\x00\x00\x04\x010I\x00\x00\x00\x00$\x01¨À8`wÙ\x04')
[01/Mar/2016 04:55:49] "   TZ          0I    $¨À8`wÙ                                                 " 400 -
[01/Mar/2016 04:55:54] code 400, message Bad HTTP/0.9 request type ('\x00\x00\x00TZ\x00\x00\x00\x00\x00\x00\x00\x00\x01\x00\x00\x04\x010I\x00\x00\x00\x00$\x01¨À8`wÙ\x04')
[01/Mar/2016 04:55:54] "   TZ          0I    $¨À8`wÙ                                                 " 400 -
[01/Mar/2016 04:55:59] code 400, message Bad HTTP/0.9 request type ('\x00\x00\x00TZ\x00\x00\x00\x00\x00\x00\x00\x00\x01\x00\x00\x04\x010I\x00\x00\x00\x00$\x01¨À8`wÙ\x04')
[01/Mar/2016 04:55:59] "   TZ          0I    $¨À8`wÙ                                                 " 400 -
[01/Mar/2016 04:56:04] code 400, message Bad HTTP/0.9 request type ('\x00\x00\x00TZ\x00\x00\x00\x00\x00\x00\x00\x00\x01\x00\x00\x04\x010I\x00\x00\x00\x00$\x01¨À8`wÙ\x04')
[01/Mar/2016 04:56:04] "   TZ          0I    $¨À8`wÙ                                                 " 400 -
[01/Mar/2016 04:56:10] code 400, message Bad HTTP/0.9 request type ('\x00\x00\x00TZ\x00\x00\x00\x00\x00\x00\x00\x00\x01\x00\x00\x04\x010I\x00\x00\x00\x00$\x01¨À8`wÙ\x04')
[01/Mar/2016 04:56:10] "   TZ          0I    $¨À8`wÙ                                                 " 400 -
[01/Mar/2016 04:56:15] code 400, message Bad HTTP/0.9 request type ('\x00\x00\x00TZ\x00\x00\x00\x00\x00\x00\x00\x00\x01\x00\x00\x04\x010I\x00\x00\x00\x00$\x01¨À8`wÙ\x04')
[01/Mar/2016 04:56:15] "   TZ          0I    $¨À8`wÙ                                                 " 400 -
[01/Mar/2016 04:56:20] code 400, message Bad HTTP/0.9 request type ('\x00\x00\x00TZ\x00\x00\x00\x00\x00\x00\x00\x00\x01\x00\x00\x04\x010I\x00\x00\x00\x00$\x01¨À8`wÙ\x04')
[01/Mar/2016 04:56:20] "   TZ          0I    $¨À8`wÙ                                                 " 400 -
[01/Mar/2016 04:56:25] code 400, message Bad HTTP/0.9 request type ('\x00\x00\x00TZ\x00\x00\x00\x00\x00\x00\x00\x00\x01\x00\x00\x04\x010I\x00\x00\x00\x00$\x01¨À8`wÙ\x04')
[01/Mar/2016 04:56:25] "   TZ          0I    $¨À8`wÙ                                                 " 400 -
[01/Mar/2016 04:56:30] code 400, message Bad HTTP/0.9 request type ('\x00\x00\x00TZ\x00\x00\x00\x00\x00\x00\x00\x00\x01\x00\x00\x04\x010I\x00\x00\x00\x00$\x01¨À8`wÙ\x04')
[01/Mar/2016 04:56:30] "   TZ          0I    $¨À8`wÙ                                                 " 400 -
[01/Mar/2016 04:56:35] code 400, message Bad HTTP/0.9 request type ('\x00\x00\x00TZ\x00\x00\x00\x00\x00\x00\x00\x00\x01\x00\x00\x04\x010I\x00\x00\x00\x00$\x01¨À8`wÙ\x04')
[01/Mar/2016 04:56:35] "   TZ          0I    $¨À8`wÙ                                                 " 400 -
[01/Mar/2016 04:56:40] code 400, message Bad HTTP/0.9 request type ('\x00\x00\x00TZ\x00\x00\x00\x00\x00\x00\x00\x00\x01\x00\x00\x04\x010I\x00\x00\x00\x00$\x01¨À8`wÙ\x04')
[01/Mar/2016 04:56:40] "   TZ          0I    $¨À8`wÙ                                                 " 400 -
[01/Mar/2016 04:56:45] code 400, message Bad HTTP/0.9 request type ('\x00\x00\x00TZ\x00\x00\x00\x00\x00\x00\x00\x00\x01\x00\x00\x04\x010I\x00\x00\x00\x00$\x01¨À8`wÙ\x04')
[01/Mar/2016 04:56:45] "   TZ          0I    $¨À8`wÙ                                                 " 400 -
[01/Mar/2016 04:56:50] code 400, message Bad HTTP/0.9 request type ('\x00\x00\x00TZ\x00\x00\x00\x00\x00\x00\x00\x00\x01\x00\x00\x04\x010I\x00\x00\x00\x00$\x01¨À8`wÙ\x04')
[01/Mar/2016 04:56:50] "   TZ          0I    $¨À8`wÙ                                                 " 400 -
[01/Mar/2016 04:56:55] code 400, message Bad HTTP/0.9 request type ('\x00\x00\x00TZ\x00\x00\x00\x00\x00\x00\x00\x00\x01\x00\x00\x04\x010I\x00\x00\x00\x00$\x01¨À8`wÙ\x04')
[01/Mar/2016 04:56:55] "   TZ          0I    $¨À8`wÙ                                                 " 400 -
[01/Mar/2016 04:57:00] code 400, message Bad HTTP/0.9 request type ('\x00\x00\x00TZ\x00\x00\x00\x00\x00\x00\x00\x00\x01\x00\x00\x04\x010I\x00\x00\x00\x00$\x01¨À8`wÙ\x04')
[01/Mar/2016 04:57:00] "   TZ          0I    $¨À8`wÙ                                                 " 400 -
[01/Mar/2016 04:57:05] code 400, message Bad HTTP/0.9 request type ('\x00\x00\x00TZ\x00\x00\x00\x00\x00\x00\x00\x00\x01\x00\x00\x04\x010I\x00\x00\x00\x00$\x01¨À8`wÙ\x04')
[01/Mar/2016 04:57:05] "   TZ          0I    $¨À8`wÙ                                                 " 400 -
[01/Mar/2016 04:57:10] code 400, message Bad HTTP/0.9 request type ('\x00\x00\x00TZ\x00\x00\x00\x00\x00\x00\x00\x00\x01\x00\x00\x04\x010I\x00\x00\x00\x00$\x01¨À8`wÙ\x04')
[01/Mar/2016 04:57:10] "   TZ          0I    $¨À8`wÙ                                                 " 400 -
[01/Mar/2016 04:57:15] code 400, message Bad HTTP/0.9 request type ('\x00\x00\x00TZ\x00\x00\x00\x00\x00\x00\x00\x00\x01\x00\x00\x04\x010I\x00\x00\x00\x00$\x01¨À8`wÙ\x04')
[01/Mar/2016 04:57:15] "   TZ          0I    $¨À8`wÙ                                                 " 400 -
[01/Mar/2016 04:57:20] code 400, message Bad HTTP/0.9 request type ('\x00\x00\x00TZ\x00\x00\x00\x00\x00\x00\x00\x00\x01\x00\x00\x04\x010I\x00\x00\x00\x00$\x01¨À8`wÙ\x04')
[01/Mar/2016 04:57:20] "   TZ          0I    $¨À8`wÙ                                                 " 400 -
[01/Mar/2016 04:57:25] code 400, message Bad HTTP/0.9 request type ('\x00\x00\x00TZ\x00\x00\x00\x00\x00\x00\x00\x00\x01\x00\x00\x04\x010I\x00\x00\x00\x00$\x01¨À8`wÙ\x04')
[01/Mar/2016 04:57:25] "   TZ          0I    $¨À8`wÙ                                                 " 400 -
[01/Mar/2016 04:57:30] code 400, message Bad HTTP/0.9 request type ('\x00\x00\x00TZ\x00\x00\x00\x00\x00\x00\x00\x00\x01\x00\x00\x04\x010I\x00\x00\x00\x00$\x01¨À8`wÙ\x04')
[01/Mar/2016 04:57:30] "   TZ          0I    $¨À8`wÙ                                                 " 400 -
[01/Mar/2016 04:57:36] code 400, message Bad HTTP/0.9 request type ('\x00\x00\x00TZ\x00\x00\x00\x00\x00\x00\x00\x00\x01\x00\x00\x04\x010I\x00\x00\x00\x00$\x01¨À8`wÙ\x04')
[01/Mar/2016 04:57:36] "   TZ          0I    $¨À8`wÙ                                                 " 400 -
[01/Mar/2016 04:57:41] code 400, message Bad HTTP/0.9 request type ('\x00\x00\x00TZ\x00\x00\x00\x00\x00\x00\x00\x00\x01\x00\x00\x04\x010I\x00\x00\x00\x00$\x01¨À8`wÙ\x04')
[01/Mar/2016 04:57:41] "   TZ          0I    $¨À8`wÙ                                                 " 400 -
[01/Mar/2016 04:57:46] code 400, message Bad HTTP/0.9 request type ('\x00\x00\x00TZ\x00\x00\x00\x00\x00\x00\x00\x00\x01\x00\x00\x04\x010I\x00\x00\x00\x00$\x01¨À8`wÙ\x04')
[01/Mar/2016 04:57:46] "   TZ          0I    $¨À8`wÙ                                                 " 400 -
[01/Mar/2016 04:57:51] code 400, message Bad HTTP/0.9 request type ('\x00\x00\x00TZ\x00\x00\x00\x00\x00\x00\x00\x00\x01\x00\x00\x04\x010I\x00\x00\x00\x00$\x01¨À8`wÙ\x04')
[01/Mar/2016 04:57:51] "   TZ          0I    $¨À8`wÙ                                                 " 400 -
[01/Mar/2016 04:57:56] code 400, message Bad HTTP/0.9 request type ('\x00\x00\x00TZ\x00\x00\x00\x00\x00\x00\x00\x00\x01\x00\x00\x04\x010I\x00\x00\x00\x00$\x01¨À8`wÙ\x04')
[01/Mar/2016 04:57:56] "   TZ          0I    $¨À8`wÙ                                                 " 400 -
[01/Mar/2016 04:58:01] code 400, message Bad HTTP/0.9 request type ('\x00\x00\x00TZ\x00\x00\x00\x00\x00\x00\x00\x00\x01\x00\x00\x04\x010I\x00\x00\x00\x00$\x01¨À8`wÙ\x04')
[01/Mar/2016 04:58:01] "   TZ          0I    $¨À8`wÙ                                                 " 400 -
[01/Mar/2016 04:58:06] code 400, message Bad HTTP/0.9 request type ('\x00\x00\x00TZ\x00\x00\x00\x00\x00\x00\x00\x00\x01\x00\x00\x04\x010I\x00\x00\x00\x00$\x01¨À8`wÙ\x04')
[01/Mar/2016 04:58:06] "   TZ          0I    $¨À8`wÙ                                                 " 400 -
[01/Mar/2016 04:58:11] code 400, message Bad HTTP/0.9 request type ('\x00\x00\x00TZ\x00\x00\x00\x00\x00\x00\x00\x00\x01\x00\x00\x04\x010I\x00\x00\x00\x00$\x01¨À8`wÙ\x04')
[01/Mar/2016 04:58:11] "   TZ          0I    $¨À8`wÙ                                                 " 400 -
[01/Mar/2016 04:58:16] code 400, message Bad HTTP/0.9 request type ('\x00\x00\x00TZ\x00\x00\x00\x00\x00\x00\x00\x00\x01\x00\x00\x04\x010I\x00\x00\x00\x00$\x01¨À8`wÙ\x04')
[01/Mar/2016 04:58:16] "   TZ          0I    $¨À8`wÙ                                                 " 400 -
[01/Mar/2016 04:58:21] code 400, message Bad HTTP/0.9 request type ('\x00\x00\x00TZ\x00\x00\x00\x00\x00\x00\x00\x00\x01\x00\x00\x04\x010I\x00\x00\x00\x00$\x01¨À8`wÙ\x04')
[01/Mar/2016 04:58:21] "   TZ          0I    $¨À8`wÙ                                                 " 400 -
[01/Mar/2016 04:58:26] code 400, message Bad HTTP/0.9 request type ('\x00\x00\x00TZ\x00\x00\x00\x00\x00\x00\x00\x00\x01\x00\x00\x04\x010I\x00\x00\x00\x00$\x01¨À8`wÙ\x04')
[01/Mar/2016 04:58:26] "   TZ          0I    $¨À8`wÙ                                                 " 400 -
[01/Mar/2016 04:58:31] code 400, message Bad HTTP/0.9 request type ('\x00\x00\x00TZ\x00\x00\x00\x00\x00\x00\x00\x00\x01\x00\x00\x04\x010I\x00\x00\x00\x00$\x01¨À8`wÙ\x04')
[01/Mar/2016 04:58:31] "   TZ          0I    $¨À8`wÙ                                                 " 400 -
[01/Mar/2016 04:58:36] code 400, message Bad HTTP/0.9 request type ('\x00\x00\x00TZ\x00\x00\x00\x00\x00\x00\x00\x00\x01\x00\x00\x04\x010I\x00\x00\x00\x00$\x01¨À8`wÙ\x04')
[01/Mar/2016 04:58:36] "   TZ          0I    $¨À8`wÙ                                                 " 400 -
[01/Mar/2016 04:58:41] code 400, message Bad HTTP/0.9 request type ('\x00\x00\x00TZ\x00\x00\x00\x00\x00\x00\x00\x00\x01\x00\x00\x04\x010I\x00\x00\x00\x00$\x01¨À8`wÙ\x04')
[01/Mar/2016 04:58:41] "   TZ          0I    $¨À8`wÙ                                                 " 400 -
[01/Mar/2016 04:58:46] code 400, message Bad HTTP/0.9 request type ('\x00\x00\x00TZ\x00\x00\x00\x00\x00\x00\x00\x00\x01\x00\x00\x04\x010I\x00\x00\x00\x00$\x01¨À8`wÙ\x04')
[01/Mar/2016 04:58:46] "   TZ          0I    $¨À8`wÙ                                                 " 400 -
[01/Mar/2016 04:58:51] code 400, message Bad HTTP/0.9 request type ('\x00\x00\x00TZ\x00\x00\x00\x00\x00\x00\x00\x00\x01\x00\x00\x04\x010I\x00\x00\x00\x00$\x01¨À8`wÙ\x04')
[01/Mar/2016 04:58:51] "   TZ          0I    $¨À8`wÙ                                                 " 400 -
[01/Mar/2016 04:58:56] code 400, message Bad HTTP/0.9 request type ('\x00\x00\x00TZ\x00\x00\x00\x00\x00\x00\x00\x00\x01\x00\x00\x04\x010I\x00\x00\x00\x00$\x01¨À8`wÙ\x04')
[01/Mar/2016 04:58:56] "   TZ          0I    $¨À8`wÙ                                                 " 400 -
[01/Mar/2016 04:59:02] code 400, message Bad HTTP/0.9 request type ('\x00\x00\x00TZ\x00\x00\x00\x00\x00\x00\x00\x00\x01\x00\x00\x04\x010I\x00\x00\x00\x00$\x01¨À8`wÙ\x04')
[01/Mar/2016 04:59:02] "   TZ          0I    $¨À8`wÙ                                                 " 400 -
[01/Mar/2016 04:59:07] code 400, message Bad HTTP/0.9 request type ('\x00\x00\x00TZ\x00\x00\x00\x00\x00\x00\x00\x00\x01\x00\x00\x04\x010I\x00\x00\x00\x00$\x01¨À8`wÙ\x04')
[01/Mar/2016 04:59:07] "   TZ          0I    $¨À8`wÙ                                                 " 400 -
[01/Mar/2016 04:59:12] code 400, message Bad HTTP/0.9 request type ('\x00\x00\x00TZ\x00\x00\x00\x00\x00\x00\x00\x00\x01\x00\x00\x04\x010I\x00\x00\x00\x00$\x01¨À8`wÙ\x04')
[01/Mar/2016 04:59:12] "   TZ          0I    $¨À8`wÙ                                                 " 400 -
[01/Mar/2016 04:59:17] code 400, message Bad HTTP/0.9 request type ('\x00\x00\x00TZ\x00\x00\x00\x00\x00\x00\x00\x00\x01\x00\x00\x04\x010I\x00\x00\x00\x00$\x01¨À8`wÙ\x04')
[01/Mar/2016 04:59:17] "   TZ          0I    $¨À8`wÙ                                                 " 400 -
[01/Mar/2016 04:59:22] code 400, message Bad HTTP/0.9 request type ('\x00\x00\x00TZ\x00\x00\x00\x00\x00\x00\x00\x00\x01\x00\x00\x04\x010I\x00\x00\x00\x00$\x01¨À8`wÙ\x04')
[01/Mar/2016 04:59:22] "   TZ          0I    $¨À8`wÙ                                                 " 400 -
[01/Mar/2016 04:59:27] code 400, message Bad HTTP/0.9 request type ('\x00\x00\x00TZ\x00\x00\x00\x00\x00\x00\x00\x00\x01\x00\x00\x04\x010I\x00\x00\x00\x00$\x01¨À8`wÙ\x04')
[01/Mar/2016 04:59:27] "   TZ          0I    $¨À8`wÙ                                                 " 400 -
[01/Mar/2016 04:59:32] code 400, message Bad HTTP/0.9 request type ('\x00\x00\x00TZ\x00\x00\x00\x00\x00\x00\x00\x00\x01\x00\x00\x04\x010I\x00\x00\x00\x00$\x01¨À8`wÙ\x04')
[01/Mar/2016 04:59:32] "   TZ          0I    $¨À8`wÙ                                                 " 400 -
[01/Mar/2016 04:59:37] code 400, message Bad HTTP/0.9 request type ('\x00\x00\x00TZ\x00\x00\x00\x00\x00\x00\x00\x00\x01\x00\x00\x04\x010I\x00\x00\x00\x00$\x01¨À8`wÙ\x04')
[01/Mar/2016 04:59:37] "   TZ          0I    $¨À8`wÙ                                                 " 400 -
[01/Mar/2016 04:59:42] code 400, message Bad HTTP/0.9 request type ('\x00\x00\x00TZ\x00\x00\x00\x00\x00\x00\x00\x00\x01\x00\x00\x04\x010I\x00\x00\x00\x00$\x01¨À8`wÙ\x04')
[01/Mar/2016 04:59:42] "   TZ          0I    $¨À8`wÙ                                                 " 400 -
[01/Mar/2016 04:59:47] code 400, message Bad HTTP/0.9 request type ('\x00\x00\x00TZ\x00\x00\x00\x00\x00\x00\x00\x00\x01\x00\x00\x04\x010I\x00\x00\x00\x00$\x01¨À8`wÙ\x04')
[01/Mar/2016 04:59:47] "   TZ          0I    $¨À8`wÙ                                                 " 400 -
[01/Mar/2016 04:59:52] code 400, message Bad HTTP/0.9 request type ('\x00\x00\x00TZ\x00\x00\x00\x00\x00\x00\x00\x00\x01\x00\x00\x04\x010I\x00\x00\x00\x00$\x01¨À8`wÙ\x04')
[01/Mar/2016 04:59:52] "   TZ          0I    $¨À8`wÙ                                                 " 400 -
Internal Server Error: /admin/
Traceback (most recent call last):
  File "/usr/local/lib/python3.4/dist-packages/django/contrib/sessions/backends/base.py", line 193, in _get_session
    return self._session_cache
AttributeError: 'SessionStore' object has no attribute '_session_cache'

During handling of the above exception, another exception occurred:

Traceback (most recent call last):
  File "/usr/local/lib/python3.4/dist-packages/django/db/backends/base/base.py", line 199, in ensure_connection
    self.connect()
  File "/usr/local/lib/python3.4/dist-packages/django/db/backends/base/base.py", line 171, in connect
    self.connection = self.get_new_connection(conn_params)
  File "/usr/local/lib/python3.4/dist-packages/django/db/backends/sqlite3/base.py", line 207, in get_new_connection
    conn = Database.connect(**conn_params)
sqlite3.OperationalError: unable to open database file

The above exception was the direct cause of the following exception:

Traceback (most recent call last):
  File "/usr/local/lib/python3.4/dist-packages/django/core/handlers/base.py", line 149, in get_response
    response = self.process_exception_by_middleware(e, request)
  File "/usr/local/lib/python3.4/dist-packages/django/core/handlers/base.py", line 147, in get_response
    response = wrapped_callback(request, *callback_args, **callback_kwargs)
  File "/usr/local/lib/python3.4/dist-packages/django/contrib/admin/sites.py", line 265, in wrapper
    return self.admin_view(view, cacheable)(*args, **kwargs)
  File "/usr/local/lib/python3.4/dist-packages/django/utils/decorators.py", line 149, in _wrapped_view
    response = view_func(request, *args, **kwargs)
  File "/usr/local/lib/python3.4/dist-packages/django/views/decorators/cache.py", line 57, in _wrapped_view_func
    response = view_func(request, *args, **kwargs)
  File "/usr/local/lib/python3.4/dist-packages/django/contrib/admin/sites.py", line 233, in inner
    if not self.has_permission(request):
  File "/usr/local/lib/python3.4/dist-packages/django/contrib/admin/sites.py", line 173, in has_permission
    return request.user.is_active and request.user.is_staff
  File "/usr/local/lib/python3.4/dist-packages/django/utils/functional.py", line 204, in inner
    self._setup()
  File "/usr/local/lib/python3.4/dist-packages/django/utils/functional.py", line 351, in _setup
    self._wrapped = self._setupfunc()
  File "/usr/local/lib/python3.4/dist-packages/django/contrib/auth/middleware.py", line 22, in <lambda>
    request.user = SimpleLazyObject(lambda: get_user(request))
  File "/usr/local/lib/python3.4/dist-packages/django/contrib/auth/middleware.py", line 10, in get_user
    request._cached_user = auth.get_user(request)
  File "/usr/local/lib/python3.4/dist-packages/django/contrib/auth/__init__.py", line 167, in get_user
    user_id = _get_user_session_key(request)
  File "/usr/local/lib/python3.4/dist-packages/django/contrib/auth/__init__.py", line 59, in _get_user_session_key
    return get_user_model()._meta.pk.to_python(request.session[SESSION_KEY])
  File "/usr/local/lib/python3.4/dist-packages/django/contrib/sessions/backends/base.py", line 48, in __getitem__
    return self._session[key]
  File "/usr/local/lib/python3.4/dist-packages/django/contrib/sessions/backends/base.py", line 198, in _get_session
    self._session_cache = self.load()
  File "/usr/local/lib/python3.4/dist-packages/django/contrib/sessions/backends/db.py", line 33, in load
    expire_date__gt=timezone.now()
  File "/usr/local/lib/python3.4/dist-packages/django/db/models/manager.py", line 122, in manager_method
    return getattr(self.get_queryset(), name)(*args, **kwargs)
  File "/usr/local/lib/python3.4/dist-packages/django/db/models/query.py", line 381, in get
    num = len(clone)
  File "/usr/local/lib/python3.4/dist-packages/django/db/models/query.py", line 240, in __len__
    self._fetch_all()
  File "/usr/local/lib/python3.4/dist-packages/django/db/models/query.py", line 1074, in _fetch_all
    self._result_cache = list(self.iterator())
  File "/usr/local/lib/python3.4/dist-packages/django/db/models/query.py", line 52, in __iter__
    results = compiler.execute_sql()
  File "/usr/local/lib/python3.4/dist-packages/django/db/models/sql/compiler.py", line 846, in execute_sql
    cursor = self.connection.cursor()
  File "/usr/local/lib/python3.4/dist-packages/django/db/backends/base/base.py", line 231, in cursor
    cursor = self.make_debug_cursor(self._cursor())
  File "/usr/local/lib/python3.4/dist-packages/django/db/backends/base/base.py", line 204, in _cursor
    self.ensure_connection()
  File "/usr/local/lib/python3.4/dist-packages/django/db/backends/base/base.py", line 199, in ensure_connection
    self.connect()
  File "/usr/local/lib/python3.4/dist-packages/django/db/utils.py", line 95, in __exit__
    six.reraise(dj_exc_type, dj_exc_value, traceback)
  File "/usr/local/lib/python3.4/dist-packages/django/utils/six.py", line 685, in reraise
    raise value.with_traceback(tb)
  File "/usr/local/lib/python3.4/dist-packages/django/db/backends/base/base.py", line 199, in ensure_connection
    self.connect()
  File "/usr/local/lib/python3.4/dist-packages/django/db/backends/base/base.py", line 171, in connect
    self.connection = self.get_new_connection(conn_params)
  File "/usr/local/lib/python3.4/dist-packages/django/db/backends/sqlite3/base.py", line 207, in get_new_connection
    conn = Database.connect(**conn_params)
django.db.utils.OperationalError: unable to open database file
[02/Mar/2016 11:13:45] "GET /admin/ HTTP/1.1" 500 187832
Not Found: /favicon.ico
[02/Mar/2016 11:13:46] "GET /favicon.ico HTTP/1.1" 404 2056
Not Found: /favicon.ico
[02/Mar/2016 15:22:38] "GET /admin/ HTTP/1.1" 302 0
[02/Mar/2016 15:22:38] "GET /admin/login/?next=/admin/ HTTP/1.1" 200 1682
[02/Mar/2016 15:22:39] "GET /static/admin/css/login.css HTTP/1.1" 200 1203
[02/Mar/2016 15:22:39] "GET /static/admin/css/base.css HTTP/1.1" 200 15897
[02/Mar/2016 15:22:39] "GET /static/admin/css/fonts.css HTTP/1.1" 200 423
[02/Mar/2016 15:22:39] "GET /static/admin/fonts/Roboto-Regular-webfont.woff HTTP/1.1" 200 80304
[02/Mar/2016 15:22:39] "GET /static/admin/fonts/Roboto-Light-webfont.woff HTTP/1.1" 200 81348
Not Found: /
[02/Mar/2016 15:22:42] "GET / HTTP/1.1" 404 2023
Not Found: /polls
[02/Mar/2016 15:22:45] "GET /polls HTTP/1.1" 301 0
[02/Mar/2016 15:22:46] "GET /polls/ HTTP/1.1" 200 150
[02/Mar/2016 15:22:48] "GET /polls/1/ HTTP/1.1" 200 559
[02/Mar/2016 15:22:50] "POST /polls/1/vote/ HTTP/1.1" 302 0
[02/Mar/2016 15:22:50] "GET /polls/1/results/ HTTP/1.1" 200 184
[02/Mar/2016 15:23:13] "GET /polls/1/ HTTP/1.1" 200 559
[04/Mar/2016 18:15:20] code 400, message Bad HTTP/0.9 request type ('\x00\x00\x00')
[04/Mar/2016 18:15:20] "    c                           " 400 -
Not Found: /https:/m.baidu.com/
[05/Mar/2016 05:41:41] "GET https://m.baidu.com/ HTTP/1.1" 404 1653
Not Found: /
[05/Mar/2016 23:04:30] "GET / HTTP/1.0" 404 2012
Not Found: /
[06/Mar/2016 17:58:36] "GET / HTTP/1.1" 404 2023
Not Found: /favicon.ico
[06/Mar/2016 17:58:36] "GET /favicon.ico HTTP/1.1" 404 2056
Not Found: /favicon.ico
[06/Mar/2016 17:58:36] "GET /favicon.ico HTTP/1.1" 404 2056
[06/Mar/2016 17:58:55] "GET /polls/ HTTP/1.1" 200 150
[06/Mar/2016 17:58:58] "GET /polls/1/ HTTP/1.1" 200 559
[06/Mar/2016 17:59:01] "POST /polls/1/vote/ HTTP/1.1" 302 0
[06/Mar/2016 17:59:01] "GET /polls/1/results/ HTTP/1.1" 200 183
[06/Mar/2016 17:59:04] "GET /polls/1/ HTTP/1.1" 200 559
[06/Mar/2016 17:59:06] "POST /polls/1/vote/ HTTP/1.1" 302 0
[06/Mar/2016 17:59:06] "GET /polls/1/results/ HTTP/1.1" 200 183
[06/Mar/2016 17:59:13] "GET /polls/2/ HTTP/1.1" 200 213
[06/Mar/2016 17:59:14] "POST /polls/2/vote/ HTTP/1.1" 200 268
[06/Mar/2016 17:59:16] "POST /polls/2/vote/ HTTP/1.1" 200 268
Not Found: /
[06/Mar/2016 22:55:26] "GET / HTTP/1.1" 404 2023
Not Found: /favicon.ico
[06/Mar/2016 22:55:26] "GET /favicon.ico HTTP/1.1" 404 2056
Not Found: /favicon.ico
[06/Mar/2016 22:55:26] "GET /favicon.ico HTTP/1.1" 404 2056
Not Found: /
[07/Mar/2016 02:32:52] "GET / HTTP/1.1" 404 2023
Not Found: /favicon.ico
[07/Mar/2016 02:32:52] "GET /favicon.ico HTTP/1.1" 404 2056
Not Found: /
[07/Mar/2016 09:51:16] "GET / HTTP/1.1" 404 2023
Not Found: /favicon.ico
[07/Mar/2016 09:51:16] "GET /favicon.ico HTTP/1.1" 404 2056
Not Found: /
[07/Mar/2016 09:51:37] "GET / HTTP/1.1" 404 2023
Not Found: /
[07/Mar/2016 10:49:27] "GET / HTTP/1.1" 404 2023
Not Found: /favicon.ico
[07/Mar/2016 10:49:27] "GET /favicon.ico HTTP/1.1" 404 2056
Not Found: /favicon.ico
[07/Mar/2016 10:49:27] "GET /favicon.ico HTTP/1.1" 404 2056
Not Found: /
[07/Mar/2016 11:06:49] "GET / HTTP/1.1" 404 2023
[07/Mar/2016 11:06:53] "GET /polls/ HTTP/1.1" 200 150
[07/Mar/2016 11:06:56] "GET /polls/2/ HTTP/1.1" 200 213
[07/Mar/2016 11:06:58] "POST /polls/2/vote/ HTTP/1.1" 200 268
[07/Mar/2016 11:07:01] "GET /polls/1/ HTTP/1.1" 200 559
[07/Mar/2016 11:07:03] "POST /polls/1/vote/ HTTP/1.1" 302 0
[07/Mar/2016 11:07:04] "GET /polls/1/results/ HTTP/1.1" 200 184
Not Found: /
[07/Mar/2016 17:04:21] "GET / HTTP/1.1" 404 2023
[07/Mar/2016 17:04:21] code 400, message Bad request version ('À+À/\x00\x9eÌ\x14Ì\x13À')
You're accessing the development server over HTTPS, but it only supports HTTP.
[07/Mar/2016 17:04:21] code 400, message Bad request version ('î§µ¨ÕHp¾\x00\x00\x14À')
You're accessing the development server over HTTPS, but it only supports HTTP.
[07/Mar/2016 17:04:21] code 400, message Bad request syntax ('\x16\x03\x01\x00ª\x01\x00\x00¦\x03\x01\x89W\x8dç6\x88+¿µºõQÈ\x8cÒK´d\x89¿2I\x06O\x8b\x87@Ä\x8cÜ\x84\x8c\x00\x00\x14À')
You're accessing the development server over HTTPS, but it only supports HTTP.
Not Found: /favicon.ico
[07/Mar/2016 17:04:21] "GET /favicon.ico HTTP/1.1" 404 2056
Not Found: /polls
[07/Mar/2016 17:04:45] "GET /polls HTTP/1.1" 301 0
[07/Mar/2016 17:04:45] "GET /polls/ HTTP/1.1" 200 150
[07/Mar/2016 17:04:45] code 400, message Bad HTTP/0.9 request type ('\x16\x03\x01\x00Ñ\x01\x00\x00Í\x03\x03\x9a~Ï£bÊ_BÌÂ\x97\x98\x92\x96r\x92\x08Z8¬¹ÙdØ¡¸èFÐ³ù\x80\x00\x00')
You're accessing the development server over HTTPS, but it only supports HTTP.
[07/Mar/2016 17:04:45] code 400, message Bad request syntax ('\x16\x03\x01\x00ª\x01\x00\x00¦\x03\x02O\x1b\xa0§ö\x90\x1e \x12\x89\x1di\x85·mÿ²7Q©.¢\x1amF\x0eOZì\x9aÖJ\x00\x00\x14À')
You're accessing the development server over HTTPS, but it only supports HTTP.
[07/Mar/2016 17:04:45] code 400, message Bad HTTP/0.9 request type ('\x16\x03\x01\x00ª\x01\x00\x00¦\x03\x01þç\x17Pìù')
You're accessing the development server over HTTPS, but it only supports HTTP.
[07/Mar/2016 17:04:47] "GET /polls/2/ HTTP/1.1" 200 213
[07/Mar/2016 17:04:47] code 400, message Bad request syntax ('\x16\x03\x01\x00Ñ\x01\x00\x00Í\x03\x03ä¡\x1fô¡Â)(|%÷´!ãéNÄ»(2ÌíF\x16æ\xa0²jµV\x02¾\x00\x00\x1eÀ+À/\x00\x9eÌ\x14Ì\x13À')
You're accessing the development server over HTTPS, but it only supports HTTP.
[07/Mar/2016 17:04:47] code 400, message Bad HTTP/0.9 request type ('\x16\x03\x01\x00ª\x01\x00\x00¦\x03\x02lm\x8dMm±\x97Ö´¿¸Í¹@Á²$®á')
You're accessing the development server over HTTPS, but it only supports HTTP.
[07/Mar/2016 17:04:47] code 400, message Bad request version ('·ô¶\x00\x00\x14À')
You're accessing the development server over HTTPS, but it only supports HTTP.
[07/Mar/2016 17:04:48] "POST /polls/2/vote/ HTTP/1.1" 200 268
[07/Mar/2016 17:04:49] code 400, message Bad request syntax ('\x16\x03\x01\x00Ñ\x01\x00\x00Í\x03\x03û\x19yÊ©\x12ôC:Ðè@\x0b\x1bG.\x03u@\x11\x85>\x14\x93¹úýÕþi*\x1c\x00\x00\x1eÀ+À/\x00\x9eÌ\x14Ì\x13À')
You're accessing the development server over HTTPS, but it only supports HTTP.
[07/Mar/2016 17:04:49] code 400, message Bad HTTP/0.9 request type ('\x16\x03\x01\x00ª\x01\x00\x00¦\x03\x02t')
You're accessing the development server over HTTPS, but it only supports HTTP.
[07/Mar/2016 17:04:49] code 400, message Bad request version ('4i@®{\x9a`Î')
You're accessing the development server over HTTPS, but it only supports HTTP.
[07/Mar/2016 17:04:50] "POST /polls/2/vote/ HTTP/1.1" 200 268
[07/Mar/2016 17:04:50] code 400, message Bad request syntax ('\x16\x03\x01\x00Ñ\x01\x00\x00Í\x03\x03È¬\x0c)\x11@¨Ï³d¼0çYÖê\x91}\t\x8d>\x93\x07¤\x06\x10¾û\x80\x9aÞz\x00\x00\x1eÀ+À/\x00\x9eÌ\x14Ì\x13À')
You're accessing the development server over HTTPS, but it only supports HTTP.
[07/Mar/2016 17:04:50] code 400, message Bad request syntax ('\x16\x03\x01\x00ª\x01\x00\x00¦\x03\x02\x19KF0\xadc]9\\\x18Àêí\\#óÇµ\x1f#ØS\x9c\x8f\x85\x7f\t\x94Jãc\x84\x00\x00\x14À')
You're accessing the development server over HTTPS, but it only supports HTTP.
[07/Mar/2016 17:04:50] code 400, message Bad HTTP/0.9 request type ('\x16\x03\x01\x00ª\x01\x00\x00¦\x03\x01\x95Á\x03\x9f')
You're accessing the development server over HTTPS, but it only supports HTTP.
[07/Mar/2016 17:04:50] "POST /polls/2/vote/ HTTP/1.1" 200 268
[07/Mar/2016 17:04:50] code 400, message Bad request version ('À+À/\x00\x9eÌ\x14Ì\x13À')
You're accessing the development server over HTTPS, but it only supports HTTP.
[07/Mar/2016 17:04:50] code 400, message Bad request version ('Ö®´6\\Ò¶$ìá^©+é\x00\x00\x14À')
You're accessing the development server over HTTPS, but it only supports HTTP.
[07/Mar/2016 17:04:50] code 400, message Bad request syntax ('\x16\x03\x01\x00ª\x01\x00\x00¦\x03\x01:_½\x8c<\x8f\x83ï\x9dUçy\x81.\x86±\x85H½{\x9dñ Mí¥\x1f°\x8dÐ\rØ\x00\x00\x14À')
You're accessing the development server over HTTPS, but it only supports HTTP.
[07/Mar/2016 17:04:51] code 400, message Bad HTTP/0.9 request type ("\x16\x03\x01\x00Ñ\x01\x00\x00Í\x03\x03'2·ûæk<\x03«vÉ«n\x92\x88íÎæ5+_,aoS\x17\x06\x98\x87s\x0e\x10\x00\x00")
You're accessing the development server over HTTPS, but it only supports HTTP.
[07/Mar/2016 17:04:51] code 400, message Bad request version ('D\x9e\x16cñ\x80Ô\x15\x9eðËÅ§ð\x0fJé3~ò°cl\x00\x00\x14À')
You're accessing the development server over HTTPS, but it only supports HTTP.
[07/Mar/2016 17:04:51] code 400, message Bad HTTP/0.9 request type ('\x16\x03\x01\x00ª\x01\x00\x00¦\x03\x01¥lQ,5\x81\x98Wa\x87\x96ò\x8eöZ~A\x95\x98Y\x842Q\x7fCüþF¯')
You're accessing the development server over HTTPS, but it only supports HTTP.
[07/Mar/2016 17:04:52] code 400, message Bad request version ('À+À/\x00\x9eÌ\x14Ì\x13À')
You're accessing the development server over HTTPS, but it only supports HTTP.
[07/Mar/2016 17:04:52] code 400, message Bad request syntax ('\x16\x03\x01\x00ª\x01\x00\x00¦\x03\x02ÏV\x1b±\xad\x0bt>\x07ì[\x17°VN\x86?§k\x81\x1d,¿\x8e¬\x1f\x10¤c\x92n\x01\x00\x00\x14À')
You're accessing the development server over HTTPS, but it only supports HTTP.
[07/Mar/2016 17:04:52] code 400, message Bad request syntax ('\x16\x03\x01\x00ª\x01\x00\x00¦\x03\x01X2\x912lfqY\x86ZJR´XM÷ËG\x80k£¼#Í\x8b³6x.\x99àH\x00\x00\x14À')
You're accessing the development server over HTTPS, but it only supports HTTP.
[07/Mar/2016 17:04:52] "GET /polls/2/ HTTP/1.1" 200 213
[07/Mar/2016 17:04:52] code 400, message Bad request version ('À+À/\x00\x9eÌ\x14Ì\x13À')
You're accessing the development server over HTTPS, but it only supports HTTP.
[07/Mar/2016 17:04:52] code 400, message Bad request syntax ('\x16\x03\x01\x00ª\x01\x00\x00¦\x03\x02')
You're accessing the development server over HTTPS, but it only supports HTTP.
[07/Mar/2016 17:04:52] code 400, message Bad HTTP/0.9 request type ('\x16\x03\x01\x00ª\x01\x00\x00¦\x03\x01')
You're accessing the development server over HTTPS, but it only supports HTTP.
[07/Mar/2016 17:04:52] code 400, message Bad request syntax ("\x16\x03\x01\x00Ñ\x01\x00\x00Í\x03\x03uÀÁ0®\rA}T\\É\x02)\x1eW/ÉT²'ÅV.\x0c¤B8\x93\x19¸º\x97\x00\x00\x1eÀ+À/\x00\x9eÌ\x14Ì\x13À")
You're accessing the development server over HTTPS, but it only supports HTTP.
[07/Mar/2016 17:04:52] code 400, message Bad HTTP/0.9 request type ('\x16\x03\x01\x00ª\x01\x00\x00¦\x03\x02{\x9egl<G\x9a9\x10')
You're accessing the development server over HTTPS, but it only supports HTTP.
[07/Mar/2016 17:04:52] code 400, message Bad HTTP/0.9 request type ('\x16\x03\x01\x00ª\x01\x00\x00¦\x03\x01\x87kbt£qJÏïjý\x93-Ó\x9c¸K@ù6u¦fDõ\x89hÏ')
You're accessing the development server over HTTPS, but it only supports HTTP.
[07/Mar/2016 17:04:53] code 400, message Bad request version ('À+À/\x00\x9eÌ\x14Ì\x13À')
You're accessing the development server over HTTPS, but it only supports HTTP.
[07/Mar/2016 17:04:53] code 400, message Bad request syntax ('\x16\x03\x01\x00ª\x01\x00\x00¦\x03\x02\x06xF]<ÐJp\x02\x82\x8a×\x80Äg\x9eI*\x9c\x1b|ÐñÛ¥@\x7f`\x9f\x98%S\x00\x00\x14À')
You're accessing the development server over HTTPS, but it only supports HTTP.
[07/Mar/2016 17:04:53] code 400, message Bad HTTP/0.9 request type ('\x16\x03\x01\x00ª\x01\x00\x00¦\x03\x01Â,@÷¬\x1b\x1af(²EÊÂ\x06±K\x07ÄÆ/')
You're accessing the development server over HTTPS, but it only supports HTTP.
Not Found: /polls
[09/Mar/2016 14:43:29] "GET /polls HTTP/1.1" 301 0
[09/Mar/2016 14:43:29] "GET /polls/ HTTP/1.1" 200 150
Not Found: /favicon.ico
[09/Mar/2016 14:43:30] "GET /favicon.ico HTTP/1.1" 404 2056
Not Found: /favicon.ico
[09/Mar/2016 14:43:30] "GET /favicon.ico HTTP/1.1" 404 2056
[09/Mar/2016 14:43:34] "GET /polls/1/ HTTP/1.1" 200 559
[09/Mar/2016 14:43:43] "POST /polls/1/vote/ HTTP/1.1" 302 0
[09/Mar/2016 14:43:43] "GET /polls/1/results/ HTTP/1.1" 200 185
[09/Mar/2016 14:43:51] "GET /admin/ HTTP/1.1" 302 0
[09/Mar/2016 14:43:51] "GET /admin/login/?next=/admin/ HTTP/1.1" 200 1682
[09/Mar/2016 14:43:51] "GET /static/admin/css/login.css HTTP/1.1" 200 1203
[09/Mar/2016 14:43:51] "GET /static/admin/css/base.css HTTP/1.1" 200 15897
[09/Mar/2016 14:43:51] "GET /static/admin/css/fonts.css HTTP/1.1" 200 423
[09/Mar/2016 14:43:52] "GET /static/admin/fonts/Roboto-Light-webfont.woff HTTP/1.1" 200 81348
[09/Mar/2016 14:43:52] "GET /static/admin/fonts/Roboto-Regular-webfont.woff HTTP/1.1" 200 80304
[09/Mar/2016 14:43:58] "POST /admin/login/?next=/admin/ HTTP/1.1" 200 1842
[09/Mar/2016 14:43:59] "GET /static/admin/fonts/Roboto-Bold-webfont.woff HTTP/1.1" 200 82564
[09/Mar/2016 14:44:04] "POST /admin/login/?next=/admin/ HTTP/1.1" 200 1842
[09/Mar/2016 14:44:10] "POST /admin/login/?next=/admin/ HTTP/1.1" 302 0
[09/Mar/2016 14:44:10] "GET /admin/ HTTP/1.1" 200 4056
[09/Mar/2016 14:44:11] "GET /static/admin/css/dashboard.css HTTP/1.1" 200 434
[09/Mar/2016 14:44:11] "GET /static/admin/img/icon-addlink.svg HTTP/1.1" 200 331
[09/Mar/2016 14:44:11] "GET /static/admin/img/icon-changelink.svg HTTP/1.1" 200 380
Not Found: /
[09/Mar/2016 23:53:18] "GET / HTTP/1.1" 404 2023
Not Found: /favicon.ico
[09/Mar/2016 23:53:18] "GET /favicon.ico HTTP/1.1" 404 2056
Not Found: /polls
[09/Mar/2016 23:53:23] "GET /polls HTTP/1.1" 301 0
[09/Mar/2016 23:53:23] "GET /polls/ HTTP/1.1" 200 150
[09/Mar/2016 23:53:25] "GET /polls/2/ HTTP/1.1" 200 213
[09/Mar/2016 23:53:27] "POST /polls/2/vote/ HTTP/1.1" 200 268
[09/Mar/2016 23:53:29] "GET /polls/2/ HTTP/1.1" 200 213
[09/Mar/2016 23:53:30] "GET /polls/1/ HTTP/1.1" 200 559
[09/Mar/2016 23:53:34] "POST /polls/1/vote/ HTTP/1.1" 302 0
[09/Mar/2016 23:53:35] "GET /polls/1/results/ HTTP/1.1" 200 185
Not Found: /admin
